[2023-08-25 11:50:13,535][torch.distributed.nn.jit.instantiator][INFO] - Created a temporary directory at /tmp/tmp5m5vs3yo
[2023-08-25 11:50:13,536][torch.distributed.nn.jit.instantiator][INFO] - Writing /tmp/tmp5m5vs3yo/_remote_module_non_scriptable.py
[2023-08-25 11:50:13,690][lightning.pytorch.utilities.rank_zero][INFO] - GPU available: True (cuda), used: True
[2023-08-25 11:50:13,690][lightning.pytorch.utilities.rank_zero][INFO] - TPU available: False, using: 0 TPU cores
[2023-08-25 11:50:13,690][lightning.pytorch.utilities.rank_zero][INFO] - IPU available: False, using: 0 IPUs
[2023-08-25 11:50:13,690][lightning.pytorch.utilities.rank_zero][INFO] - HPU available: False, using: 0 HPUs
[2023-08-25 11:50:15,031][lightning.fabric.utilities.distributed][INFO] - Initializing distributed: GLOBAL_RANK: 0, MEMBER: 1/2
[2023-08-25 11:50:19,865][torch.distributed.distributed_c10d][INFO] - Added key: store_based_barrier_key:1 to store for rank: 0
[2023-08-25 11:50:19,886][torch.distributed.distributed_c10d][INFO] - Rank 0: Completed store-based barrier for key:store_based_barrier_key:1 with 2 nodes.
[2023-08-25 11:50:19,886][lightning.pytorch.utilities.rank_zero][INFO] - ----------------------------------------------------------------------------------------------------
distributed_backend=nccl
All distributed processes registered. Starting with 2 processes
----------------------------------------------------------------------------------------------------

[2023-08-25 11:50:19,921][lightning.pytorch.utilities.rank_zero][INFO] - You are using a CUDA device ('NVIDIA RTX A5000') that has Tensor Cores. To properly utilize them, you should set `torch.set_float32_matmul_precision('medium' | 'high')` which will trade-off precision for performance. For more details, read https://pytorch.org/docs/stable/generated/torch.set_float32_matmul_precision.html#torch.set_float32_matmul_precision
[2023-08-25 11:50:19,922][lightning.pytorch.loggers.tensorboard][WARNING] - Missing logger folder: ./src/output/masked_mse/lightning_logs
[2023-08-25 11:50:21,364][lightning.pytorch.accelerators.cuda][INFO] - LOCAL_RANK: 0 - CUDA_VISIBLE_DEVICES: [0,1,2,3]
[2023-08-25 11:50:21,401][lightning.pytorch.callbacks.model_summary][INFO] - 
  | Name      | Type                 | Params
---------------------------------------------------
0 | model     | Fusionnet_Original   | 19.6 M
1 | criterion | Masked_MSE_SSIM_Loss | 0     
---------------------------------------------------
19.6 M    Trainable params
0         Non-trainable params
19.6 M    Total params
78.580    Total estimated model params size (MB)
[2023-08-25 11:50:42,462][torch.nn.parallel.distributed][INFO] - Reducer buckets have been rebuilt in this iteration.
